2021-10-12 20:04:46 | [INFO]    | Discordia 2.9.1
2021-10-12 20:04:46 | [INFO]    | Connecting to Discord...
2021-10-12 20:04:47 | [INFO]    | Authenticated as OreBot#4960
2021-10-12 20:04:47 | [INFO]    | Launching shard 0 (1 out of 1)...
2021-10-12 20:04:47 | [INFO]    | Shard 0 : Connected to wss://gateway.discord.gg
2021-10-12 20:04:47 | [INFO]    | Shard 0 : Received HELLO
2021-10-12 20:04:47 | [INFO]    | Shard 0 : Received READY
2021-10-12 20:17:48 | [INFO]    | Discordia 2.9.1
2021-10-12 20:17:48 | [INFO]    | Connecting to Discord...
2021-10-12 20:17:48 | [INFO]    | Authenticated as OreBot#4960
2021-10-12 20:17:48 | [INFO]    | Launching shard 0 (1 out of 1)...
2021-10-12 20:17:48 | [INFO]    | Shard 0 : Connected to wss://gateway.discord.gg
2021-10-12 20:17:48 | [INFO]    | Shard 0 : Received HELLO
2021-10-12 20:17:48 | [INFO]    | Shard 0 : Received READY
2021-10-12 20:18:29 | [INFO]    | Discordia 2.9.1
2021-10-12 20:18:29 | [INFO]    | Connecting to Discord...
2021-10-12 20:18:29 | [INFO]    | Authenticated as OreBot#4960
2021-10-12 20:18:29 | [INFO]    | Launching shard 0 (1 out of 1)...
2021-10-12 20:18:30 | [INFO]    | Shard 0 : Connected to wss://gateway.discord.gg
2021-10-12 20:18:30 | [INFO]    | Shard 0 : Received HELLO
2021-10-12 20:18:30 | [INFO]    | Shard 0 : Received READY
2021-10-12 20:18:58 | [INFO]    | Discordia 2.9.1
2021-10-12 20:18:58 | [INFO]    | Connecting to Discord...
2021-10-12 20:18:58 | [INFO]    | Authenticated as OreBot#4960
2021-10-12 20:18:58 | [INFO]    | Launching shard 0 (1 out of 1)...
2021-10-12 20:18:58 | [INFO]    | Shard 0 : Connected to wss://gateway.discord.gg
2021-10-12 20:18:58 | [INFO]    | Shard 0 : Received HELLO
2021-10-12 20:18:58 | [INFO]    | Shard 0 : Received READY
2021-10-12 20:19:22 | [INFO]    | Discordia 2.9.1
2021-10-12 20:19:22 | [INFO]    | Connecting to Discord...
2021-10-12 20:19:22 | [INFO]    | Authenticated as OreBot#4960
2021-10-12 20:19:22 | [INFO]    | Launching shard 0 (1 out of 1)...
2021-10-12 20:19:22 | [INFO]    | Shard 0 : Connected to wss://gateway.discord.gg
2021-10-12 20:19:22 | [INFO]    | Shard 0 : Received HELLO
2021-10-12 20:19:23 | [INFO]    | Shard 0 : Received READY
2021-10-12 20:19:49 | [INFO]    | Discordia 2.9.1
2021-10-12 20:19:49 | [INFO]    | Connecting to Discord...
2021-10-12 20:19:50 | [INFO]    | Authenticated as OreBot#4960
2021-10-12 20:19:50 | [INFO]    | Launching shard 0 (1 out of 1)...
2021-10-12 20:19:50 | [INFO]    | Shard 0 : Connected to wss://gateway.discord.gg
2021-10-12 20:19:50 | [INFO]    | Shard 0 : Received HELLO
2021-10-12 20:19:50 | [INFO]    | Shard 0 : Received READY
2021-10-12 20:20:19 | [INFO]    | Discordia 2.9.1
2021-10-12 20:20:19 | [INFO]    | Connecting to Discord...
2021-10-12 20:20:20 | [INFO]    | Authenticated as OreBot#4960
2021-10-12 20:20:20 | [INFO]    | Launching shard 0 (1 out of 1)...
2021-10-12 20:20:20 | [INFO]    | Shard 0 : Connected to wss://gateway.discord.gg
2021-10-12 20:20:20 | [INFO]    | Shard 0 : Received HELLO
2021-10-12 20:20:20 | [INFO]    | Shard 0 : Received READY
2021-10-12 20:20:39 | [INFO]    | Discordia 2.9.1
2021-10-12 20:20:39 | [INFO]    | Connecting to Discord...
2021-10-12 20:20:39 | [INFO]    | Authenticated as OreBot#4960
2021-10-12 20:20:39 | [INFO]    | Launching shard 0 (1 out of 1)...
2021-10-12 20:20:39 | [INFO]    | Shard 0 : Connected to wss://gateway.discord.gg
2021-10-12 20:20:39 | [INFO]    | Shard 0 : Received HELLO
2021-10-12 20:20:39 | [INFO]    | Shard 0 : Received READY
2021-10-12 20:21:10 | [INFO]    | Discordia 2.9.1
2021-10-12 20:21:10 | [INFO]    | Connecting to Discord...
2021-10-12 20:21:10 | [INFO]    | Authenticated as OreBot#4960
2021-10-12 20:21:10 | [INFO]    | Launching shard 0 (1 out of 1)...
2021-10-12 20:21:10 | [INFO]    | Shard 0 : Connected to wss://gateway.discord.gg
2021-10-12 20:21:10 | [INFO]    | Shard 0 : Received HELLO
2021-10-12 20:21:10 | [INFO]    | Shard 0 : Received READY
2021-10-12 20:21:55 | [INFO]    | Discordia 2.9.1
2021-10-12 20:21:55 | [INFO]    | Connecting to Discord...
2021-10-12 20:21:55 | [INFO]    | Authenticated as OreBot#4960
2021-10-12 20:21:55 | [INFO]    | Launching shard 0 (1 out of 1)...
2021-10-12 20:21:55 | [INFO]    | Shard 0 : Connected to wss://gateway.discord.gg
2021-10-12 20:21:55 | [INFO]    | Shard 0 : Received HELLO
2021-10-12 20:21:55 | [INFO]    | Shard 0 : Received READY
2021-10-12 20:22:14 | [INFO]    | Discordia 2.9.1
2021-10-12 20:22:14 | [INFO]    | Connecting to Discord...
2021-10-12 20:22:14 | [INFO]    | Authenticated as OreBot#4960
2021-10-12 20:22:14 | [INFO]    | Launching shard 0 (1 out of 1)...
2021-10-12 20:22:14 | [INFO]    | Shard 0 : Connected to wss://gateway.discord.gg
2021-10-12 20:22:14 | [INFO]    | Shard 0 : Received HELLO
2021-10-12 20:22:15 | [INFO]    | Shard 0 : Received READY
2021-10-12 20:26:29 | [INFO]    | Discordia 2.9.1
2021-10-12 20:26:29 | [INFO]    | Connecting to Discord...
2021-10-12 20:26:29 | [INFO]    | Authenticated as OreBot#4960
2021-10-12 20:26:29 | [INFO]    | Launching shard 0 (1 out of 1)...
2021-10-12 20:26:29 | [INFO]    | Shard 0 : Connected to wss://gateway.discord.gg
2021-10-12 20:26:29 | [INFO]    | Shard 0 : Received HELLO
2021-10-12 20:26:29 | [INFO]    | Shard 0 : Received READY
2021-10-13 01:01:05 | [INFO]    | Discordia 2.9.1
2021-10-13 01:01:05 | [INFO]    | Connecting to Discord...
2021-10-13 01:01:05 | [INFO]    | Authenticated as OreBot#4960
2021-10-13 01:01:05 | [INFO]    | Launching shard 0 (1 out of 1)...
2021-10-13 01:01:05 | [INFO]    | Shard 0 : Connected to wss://gateway.discord.gg
2021-10-13 01:01:05 | [INFO]    | Shard 0 : Received HELLO
2021-10-13 01:01:05 | [INFO]    | Shard 0 : Received READY
2021-10-13 01:02:17 | [INFO]    | Discordia 2.9.1
2021-10-13 01:02:17 | [INFO]    | Connecting to Discord...
2021-10-13 01:02:17 | [INFO]    | Authenticated as OreBot#4960
2021-10-13 01:02:17 | [INFO]    | Launching shard 0 (1 out of 1)...
2021-10-13 01:02:17 | [INFO]    | Shard 0 : Connected to wss://gateway.discord.gg
2021-10-13 01:02:17 | [INFO]    | Shard 0 : Received HELLO
2021-10-13 01:02:18 | [INFO]    | Shard 0 : Received READY
2021-10-13 01:02:52 | [INFO]    | Discordia 2.9.1
2021-10-13 01:02:52 | [INFO]    | Connecting to Discord...
2021-10-13 01:02:53 | [INFO]    | Authenticated as OreBot#4960
2021-10-13 01:02:53 | [INFO]    | Launching shard 0 (1 out of 1)...
2021-10-13 01:02:53 | [INFO]    | Shard 0 : Connected to wss://gateway.discord.gg
2021-10-13 01:02:53 | [INFO]    | Shard 0 : Received HELLO
2021-10-13 01:02:53 | [INFO]    | Shard 0 : Received READY
2021-10-13 01:03:05 | [INFO]    | Discordia 2.9.1
2021-10-13 01:03:05 | [INFO]    | Connecting to Discord...
2021-10-13 01:03:05 | [INFO]    | Authenticated as OreBot#4960
2021-10-13 01:03:05 | [INFO]    | Launching shard 0 (1 out of 1)...
2021-10-13 01:03:05 | [INFO]    | Shard 0 : Connected to wss://gateway.discord.gg
2021-10-13 01:03:05 | [INFO]    | Shard 0 : Received HELLO
2021-10-13 01:03:05 | [INFO]    | Shard 0 : Received READY
2021-10-13 01:03:55 | [INFO]    | Discordia 2.9.1
2021-10-13 01:03:55 | [INFO]    | Connecting to Discord...
2021-10-13 01:03:55 | [INFO]    | Authenticated as OreBot#4960
2021-10-13 01:03:55 | [INFO]    | Launching shard 0 (1 out of 1)...
2021-10-13 01:03:55 | [INFO]    | Shard 0 : Connected to wss://gateway.discord.gg
2021-10-13 01:03:55 | [INFO]    | Shard 0 : Received HELLO
2021-10-13 01:03:55 | [INFO]    | Shard 0 : Received READY
2021-10-13 01:04:09 | [INFO]    | Discordia 2.9.1
2021-10-13 01:04:09 | [INFO]    | Connecting to Discord...
2021-10-13 01:04:09 | [INFO]    | Authenticated as OreBot#4960
2021-10-13 01:04:09 | [INFO]    | Launching shard 0 (1 out of 1)...
2021-10-13 01:04:09 | [INFO]    | Shard 0 : Connected to wss://gateway.discord.gg
2021-10-13 01:04:09 | [INFO]    | Shard 0 : Received HELLO
2021-10-13 01:04:10 | [INFO]    | Shard 0 : Received READY
2021-10-14 15:24:08 | [INFO]    | Discordia 2.9.1
2021-10-14 15:24:08 | [INFO]    | Connecting to Discord...
2021-10-14 15:24:09 | [INFO]    | Authenticated as OreBot#4960
2021-10-14 15:24:09 | [INFO]    | Launching shard 0 (1 out of 1)...
2021-10-14 15:24:09 | [INFO]    | Shard 0 : Connected to wss://gateway.discord.gg
2021-10-14 15:24:09 | [INFO]    | Shard 0 : Received HELLO
2021-10-14 15:24:09 | [INFO]    | Shard 0 : Received READY
2021-10-14 15:25:08 | [INFO]    | Discordia 2.9.1
2021-10-14 15:25:08 | [INFO]    | Connecting to Discord...
2021-10-14 15:25:08 | [INFO]    | Authenticated as OreBot#4960
2021-10-14 15:25:08 | [INFO]    | Launching shard 0 (1 out of 1)...
2021-10-14 15:25:08 | [INFO]    | Shard 0 : Connected to wss://gateway.discord.gg
2021-10-14 15:25:08 | [INFO]    | Shard 0 : Received HELLO
2021-10-14 15:25:08 | [INFO]    | Shard 0 : Received READY
2021-10-14 15:26:07 | [INFO]    | Discordia 2.9.1
2021-10-14 15:26:07 | [INFO]    | Connecting to Discord...
2021-10-14 15:26:07 | [INFO]    | Authenticated as OreBot#4960
2021-10-14 15:26:07 | [INFO]    | Launching shard 0 (1 out of 1)...
2021-10-14 15:26:07 | [INFO]    | Shard 0 : Connected to wss://gateway.discord.gg
2021-10-14 15:26:07 | [INFO]    | Shard 0 : Received HELLO
2021-10-14 15:26:07 | [INFO]    | Shard 0 : Received READY
2021-10-14 15:26:45 | [INFO]    | Discordia 2.9.1
2021-10-14 15:26:45 | [INFO]    | Connecting to Discord...
2021-10-14 15:26:46 | [INFO]    | Authenticated as OreBot#4960
2021-10-14 15:26:46 | [INFO]    | Launching shard 0 (1 out of 1)...
2021-10-14 15:26:46 | [INFO]    | Shard 0 : Connected to wss://gateway.discord.gg
2021-10-14 15:26:46 | [INFO]    | Shard 0 : Received HELLO
2021-10-14 15:26:46 | [INFO]    | Shard 0 : Received READY
2021-10-14 15:27:11 | [ERROR]   | 400 - Bad Request : POST https://discord.com/api/v7/channels/897634709666951202/messages
2021-10-14 15:27:50 | [INFO]    | Discordia 2.9.1
2021-10-14 15:27:50 | [INFO]    | Connecting to Discord...
2021-10-14 15:27:50 | [INFO]    | Authenticated as OreBot#4960
2021-10-14 15:27:50 | [INFO]    | Launching shard 0 (1 out of 1)...
2021-10-14 15:27:50 | [INFO]    | Shard 0 : Connected to wss://gateway.discord.gg
2021-10-14 15:27:50 | [INFO]    | Shard 0 : Received HELLO
2021-10-14 15:27:50 | [INFO]    | Shard 0 : Received READY
2021-10-14 15:27:55 | [ERROR]   | 400 - Bad Request : POST https://discord.com/api/v7/channels/897634709666951202/messages
2021-10-14 15:29:32 | [INFO]    | Discordia 2.9.1
2021-10-14 15:29:32 | [INFO]    | Connecting to Discord...
2021-10-14 15:29:32 | [INFO]    | Authenticated as OreBot#4960
2021-10-14 15:29:32 | [INFO]    | Launching shard 0 (1 out of 1)...
2021-10-14 15:29:32 | [INFO]    | Shard 0 : Connected to wss://gateway.discord.gg
2021-10-14 15:29:32 | [INFO]    | Shard 0 : Received HELLO
2021-10-14 15:29:32 | [INFO]    | Shard 0 : Received READY
2021-10-14 15:29:36 | [ERROR]   | 400 - Bad Request : POST https://discord.com/api/v7/channels/897634709666951202/messages
2021-10-14 15:29:56 | [INFO]    | Discordia 2.9.1
2021-10-14 15:29:56 | [INFO]    | Connecting to Discord...
2021-10-14 15:29:57 | [INFO]    | Authenticated as OreBot#4960
2021-10-14 15:29:57 | [INFO]    | Launching shard 0 (1 out of 1)...
2021-10-14 15:29:57 | [INFO]    | Shard 0 : Connected to wss://gateway.discord.gg
2021-10-14 15:29:57 | [INFO]    | Shard 0 : Received HELLO
2021-10-14 15:29:57 | [INFO]    | Shard 0 : Received READY
2021-10-14 15:30:08 | [ERROR]   | 400 - Bad Request : POST https://discord.com/api/v7/channels/897634709666951202/messages
2021-10-14 15:31:10 | [INFO]    | Discordia 2.9.1
2021-10-14 15:31:10 | [INFO]    | Connecting to Discord...
2021-10-14 15:31:10 | [INFO]    | Authenticated as OreBot#4960
2021-10-14 15:31:10 | [INFO]    | Launching shard 0 (1 out of 1)...
2021-10-14 15:31:10 | [INFO]    | Shard 0 : Connected to wss://gateway.discord.gg
2021-10-14 15:31:10 | [INFO]    | Shard 0 : Received HELLO
2021-10-14 15:31:10 | [INFO]    | Shard 0 : Received READY
2021-10-14 15:31:12 | [ERROR]   | 400 - Bad Request : POST https://discord.com/api/v7/channels/897634709666951202/messages
2021-10-14 15:31:58 | [INFO]    | Discordia 2.9.1
2021-10-14 15:31:58 | [INFO]    | Connecting to Discord...
2021-10-14 15:31:58 | [INFO]    | Authenticated as OreBot#4960
2021-10-14 15:31:58 | [INFO]    | Launching shard 0 (1 out of 1)...
2021-10-14 15:31:59 | [INFO]    | Shard 0 : Connected to wss://gateway.discord.gg
2021-10-14 15:31:59 | [INFO]    | Shard 0 : Received HELLO
2021-10-14 15:31:59 | [INFO]    | Shard 0 : Received READY
2021-10-14 15:32:01 | [ERROR]   | 400 - Bad Request : POST https://discord.com/api/v7/channels/897634709666951202/messages
2021-10-14 15:33:04 | [INFO]    | Discordia 2.9.1
2021-10-14 15:33:04 | [INFO]    | Connecting to Discord...
2021-10-14 15:33:04 | [INFO]    | Authenticated as OreBot#4960
2021-10-14 15:33:04 | [INFO]    | Launching shard 0 (1 out of 1)...
2021-10-14 15:33:04 | [INFO]    | Shard 0 : Connected to wss://gateway.discord.gg
2021-10-14 15:33:04 | [INFO]    | Shard 0 : Received HELLO
2021-10-14 15:33:04 | [INFO]    | Shard 0 : Received READY
2021-10-14 15:33:06 | [ERROR]   | 400 - Bad Request : POST https://discord.com/api/v7/channels/897634709666951202/messages
2021-10-14 15:35:14 | [INFO]    | Discordia 2.9.1
2021-10-14 15:35:14 | [INFO]    | Connecting to Discord...
2021-10-14 15:35:14 | [INFO]    | Authenticated as OreBot#4960
2021-10-14 15:35:14 | [INFO]    | Launching shard 0 (1 out of 1)...
2021-10-14 15:35:14 | [INFO]    | Shard 0 : Connected to wss://gateway.discord.gg
2021-10-14 15:35:14 | [INFO]    | Shard 0 : Received HELLO
2021-10-14 15:35:14 | [INFO]    | Shard 0 : Received READY
2021-10-14 15:36:57 | [INFO]    | Discordia 2.9.1
2021-10-14 15:36:57 | [INFO]    | Connecting to Discord...
2021-10-14 15:36:57 | [INFO]    | Authenticated as OreBot#4960
2021-10-14 15:36:57 | [INFO]    | Launching shard 0 (1 out of 1)...
2021-10-14 15:36:57 | [INFO]    | Shard 0 : Connected to wss://gateway.discord.gg
2021-10-14 15:36:57 | [INFO]    | Shard 0 : Received HELLO
2021-10-14 15:36:57 | [INFO]    | Shard 0 : Received READY
2021-10-14 15:37:00 | [ERROR]   | 400 - Bad Request : POST https://discord.com/api/v7/channels/897634709666951202/messages
2021-10-14 15:37:53 | [INFO]    | Discordia 2.9.1
2021-10-14 15:37:53 | [INFO]    | Connecting to Discord...
2021-10-14 15:37:53 | [INFO]    | Authenticated as OreBot#4960
2021-10-14 15:37:53 | [INFO]    | Launching shard 0 (1 out of 1)...
2021-10-14 15:37:53 | [INFO]    | Shard 0 : Connected to wss://gateway.discord.gg
2021-10-14 15:37:53 | [INFO]    | Shard 0 : Received HELLO
2021-10-14 15:37:53 | [INFO]    | Shard 0 : Received READY
2021-10-14 15:39:52 | [INFO]    | Discordia 2.9.1
2021-10-14 15:39:52 | [INFO]    | Connecting to Discord...
2021-10-14 15:39:52 | [INFO]    | Authenticated as OreBot#4960
2021-10-14 15:39:52 | [INFO]    | Launching shard 0 (1 out of 1)...
2021-10-14 15:39:52 | [INFO]    | Shard 0 : Connected to wss://gateway.discord.gg
2021-10-14 15:39:52 | [INFO]    | Shard 0 : Received HELLO
2021-10-14 15:39:52 | [INFO]    | Shard 0 : Received READY
2021-10-14 15:40:14 | [INFO]    | Discordia 2.9.1
2021-10-14 15:40:14 | [INFO]    | Connecting to Discord...
2021-10-14 15:40:14 | [INFO]    | Authenticated as OreBot#4960
2021-10-14 15:40:14 | [INFO]    | Launching shard 0 (1 out of 1)...
2021-10-14 15:40:14 | [INFO]    | Shard 0 : Connected to wss://gateway.discord.gg
2021-10-14 15:40:14 | [INFO]    | Shard 0 : Received HELLO
2021-10-14 15:40:14 | [INFO]    | Shard 0 : Received READY
2021-10-14 15:40:22 | [INFO]    | Discordia 2.9.1
2021-10-14 15:40:22 | [INFO]    | Connecting to Discord...
2021-10-14 15:40:23 | [INFO]    | Authenticated as OreBot#4960
2021-10-14 15:40:23 | [INFO]    | Launching shard 0 (1 out of 1)...
2021-10-14 15:40:23 | [INFO]    | Shard 0 : Connected to wss://gateway.discord.gg
2021-10-14 15:40:23 | [INFO]    | Shard 0 : Received HELLO
2021-10-14 15:40:23 | [INFO]    | Shard 0 : Received READY
2021-10-14 15:42:53 | [INFO]    | Discordia 2.9.1
2021-10-14 15:42:53 | [INFO]    | Connecting to Discord...
2021-10-14 15:42:53 | [INFO]    | Authenticated as OreBot#4960
2021-10-14 15:42:53 | [INFO]    | Launching shard 0 (1 out of 1)...
2021-10-14 15:42:53 | [INFO]    | Shard 0 : Connected to wss://gateway.discord.gg
2021-10-14 15:42:53 | [INFO]    | Shard 0 : Received HELLO
2021-10-14 15:42:53 | [INFO]    | Shard 0 : Received READY
2021-10-14 15:51:55 | [INFO]    | Discordia 2.9.1
2021-10-14 15:51:55 | [INFO]    | Connecting to Discord...
2021-10-14 15:51:55 | [INFO]    | Authenticated as OreBot#4960
2021-10-14 15:51:55 | [INFO]    | Launching shard 0 (1 out of 1)...
2021-10-14 15:51:55 | [INFO]    | Shard 0 : Connected to wss://gateway.discord.gg
2021-10-14 15:51:55 | [INFO]    | Shard 0 : Received HELLO
2021-10-14 15:51:56 | [INFO]    | Shard 0 : Received READY
2021-10-14 15:52:13 | [INFO]    | Discordia 2.9.1
2021-10-14 15:52:13 | [INFO]    | Connecting to Discord...
2021-10-14 15:52:13 | [INFO]    | Authenticated as OreBot#4960
2021-10-14 15:52:13 | [INFO]    | Launching shard 0 (1 out of 1)...
2021-10-14 15:52:13 | [INFO]    | Shard 0 : Connected to wss://gateway.discord.gg
2021-10-14 15:52:13 | [INFO]    | Shard 0 : Received HELLO
2021-10-14 15:52:13 | [INFO]    | Shard 0 : Received READY
2021-10-14 15:52:15 | [ERROR]   | 400 - Bad Request : POST https://discord.com/api/v7/channels/897634709666951202/messages
2021-10-14 15:53:20 | [INFO]    | Discordia 2.9.1
2021-10-14 15:53:20 | [INFO]    | Connecting to Discord...
2021-10-14 15:53:20 | [INFO]    | Authenticated as OreBot#4960
2021-10-14 15:53:20 | [INFO]    | Launching shard 0 (1 out of 1)...
2021-10-14 15:53:20 | [INFO]    | Shard 0 : Connected to wss://gateway.discord.gg
2021-10-14 15:53:20 | [INFO]    | Shard 0 : Received HELLO
2021-10-14 15:53:20 | [INFO]    | Shard 0 : Received READY
2021-10-14 15:53:40 | [INFO]    | Discordia 2.9.1
2021-10-14 15:53:40 | [INFO]    | Connecting to Discord...
2021-10-14 15:53:40 | [INFO]    | Authenticated as OreBot#4960
2021-10-14 15:53:40 | [INFO]    | Launching shard 0 (1 out of 1)...
2021-10-14 15:53:40 | [INFO]    | Shard 0 : Connected to wss://gateway.discord.gg
2021-10-14 15:53:40 | [INFO]    | Shard 0 : Received HELLO
2021-10-14 15:53:40 | [INFO]    | Shard 0 : Received READY
2021-10-14 15:54:48 | [INFO]    | Discordia 2.9.1
2021-10-14 15:54:48 | [INFO]    | Connecting to Discord...
2021-10-14 15:54:48 | [INFO]    | Authenticated as OreBot#4960
2021-10-14 15:54:48 | [INFO]    | Launching shard 0 (1 out of 1)...
2021-10-14 15:54:48 | [INFO]    | Shard 0 : Connected to wss://gateway.discord.gg
2021-10-14 15:54:48 | [INFO]    | Shard 0 : Received HELLO
2021-10-14 15:54:49 | [INFO]    | Shard 0 : Received READY
2021-10-14 15:57:04 | [INFO]    | Discordia 2.9.1
2021-10-14 15:57:04 | [INFO]    | Connecting to Discord...
2021-10-14 15:57:04 | [INFO]    | Authenticated as OreBot#4960
2021-10-14 15:57:04 | [INFO]    | Launching shard 0 (1 out of 1)...
2021-10-14 15:57:04 | [INFO]    | Shard 0 : Connected to wss://gateway.discord.gg
2021-10-14 15:57:04 | [INFO]    | Shard 0 : Received HELLO
2021-10-14 15:57:04 | [INFO]    | Shard 0 : Received READY
2021-10-14 15:57:42 | [INFO]    | Discordia 2.9.1
2021-10-14 15:57:42 | [INFO]    | Connecting to Discord...
2021-10-14 15:57:42 | [INFO]    | Authenticated as OreBot#4960
2021-10-14 15:57:42 | [INFO]    | Launching shard 0 (1 out of 1)...
2021-10-14 15:57:42 | [INFO]    | Shard 0 : Connected to wss://gateway.discord.gg
2021-10-14 15:57:42 | [INFO]    | Shard 0 : Received HELLO
2021-10-14 15:57:42 | [INFO]    | Shard 0 : Received READY
2021-10-14 15:58:19 | [INFO]    | Discordia 2.9.1
2021-10-14 15:58:19 | [INFO]    | Connecting to Discord...
2021-10-14 15:58:19 | [INFO]    | Authenticated as OreBot#4960
2021-10-14 15:58:19 | [INFO]    | Launching shard 0 (1 out of 1)...
2021-10-14 15:58:19 | [INFO]    | Shard 0 : Connected to wss://gateway.discord.gg
2021-10-14 15:58:19 | [INFO]    | Shard 0 : Received HELLO
2021-10-14 15:58:19 | [INFO]    | Shard 0 : Received READY
2021-10-14 16:30:07 | [INFO]    | Discordia 2.9.1
2021-10-14 16:30:07 | [INFO]    | Connecting to Discord...
2021-10-14 16:30:08 | [INFO]    | Authenticated as OreBot#4960
2021-10-14 16:30:08 | [INFO]    | Launching shard 0 (1 out of 1)...
2021-10-14 16:30:08 | [INFO]    | Shard 0 : Connected to wss://gateway.discord.gg
2021-10-14 16:30:08 | [INFO]    | Shard 0 : Received HELLO
2021-10-14 16:30:08 | [INFO]    | Shard 0 : Received READY
2021-10-14 16:31:00 | [INFO]    | Discordia 2.9.1
2021-10-14 16:31:00 | [INFO]    | Connecting to Discord...
2021-10-14 16:31:00 | [INFO]    | Authenticated as OreBot#4960
2021-10-14 16:31:00 | [INFO]    | Launching shard 0 (1 out of 1)...
2021-10-14 16:31:00 | [INFO]    | Shard 0 : Connected to wss://gateway.discord.gg
2021-10-14 16:31:00 | [INFO]    | Shard 0 : Received HELLO
2021-10-14 16:31:00 | [INFO]    | Shard 0 : Received READY
2021-10-14 16:31:18 | [INFO]    | Discordia 2.9.1
2021-10-14 16:31:18 | [INFO]    | Connecting to Discord...
2021-10-14 16:31:18 | [INFO]    | Authenticated as OreBot#4960
2021-10-14 16:31:18 | [INFO]    | Launching shard 0 (1 out of 1)...
2021-10-14 16:31:18 | [INFO]    | Shard 0 : Connected to wss://gateway.discord.gg
2021-10-14 16:31:18 | [INFO]    | Shard 0 : Received HELLO
2021-10-14 16:31:18 | [INFO]    | Shard 0 : Received READY
2021-10-14 16:31:49 | [INFO]    | Discordia 2.9.1
2021-10-14 16:31:49 | [INFO]    | Connecting to Discord...
2021-10-14 16:31:49 | [INFO]    | Authenticated as OreBot#4960
2021-10-14 16:31:49 | [INFO]    | Launching shard 0 (1 out of 1)...
2021-10-14 16:31:49 | [INFO]    | Shard 0 : Connected to wss://gateway.discord.gg
2021-10-14 16:31:49 | [INFO]    | Shard 0 : Received HELLO
2021-10-14 16:31:49 | [INFO]    | Shard 0 : Received READY
2021-10-14 16:32:15 | [INFO]    | Discordia 2.9.1
2021-10-14 16:32:15 | [INFO]    | Connecting to Discord...
2021-10-14 16:32:15 | [INFO]    | Authenticated as OreBot#4960
2021-10-14 16:32:15 | [INFO]    | Launching shard 0 (1 out of 1)...
2021-10-14 16:32:15 | [INFO]    | Shard 0 : Connected to wss://gateway.discord.gg
2021-10-14 16:32:15 | [INFO]    | Shard 0 : Received HELLO
2021-10-14 16:32:15 | [INFO]    | Shard 0 : Received READY
2021-10-14 16:33:27 | [INFO]    | Discordia 2.9.1
2021-10-14 16:33:27 | [INFO]    | Connecting to Discord...
2021-10-14 16:33:27 | [INFO]    | Authenticated as OreBot#4960
2021-10-14 16:33:27 | [INFO]    | Launching shard 0 (1 out of 1)...
2021-10-14 16:33:27 | [INFO]    | Shard 0 : Connected to wss://gateway.discord.gg
2021-10-14 16:33:27 | [INFO]    | Shard 0 : Received HELLO
2021-10-14 16:33:27 | [INFO]    | Shard 0 : Received READY
2021-10-14 16:33:52 | [INFO]    | Discordia 2.9.1
2021-10-14 16:33:52 | [INFO]    | Connecting to Discord...
2021-10-14 16:33:52 | [INFO]    | Authenticated as OreBot#4960
2021-10-14 16:33:52 | [INFO]    | Launching shard 0 (1 out of 1)...
2021-10-14 16:33:52 | [INFO]    | Shard 0 : Connected to wss://gateway.discord.gg
2021-10-14 16:33:52 | [INFO]    | Shard 0 : Received HELLO
2021-10-14 16:33:52 | [INFO]    | Shard 0 : Received READY
2021-10-14 16:34:23 | [INFO]    | Discordia 2.9.1
2021-10-14 16:34:23 | [INFO]    | Connecting to Discord...
2021-10-14 16:34:23 | [INFO]    | Authenticated as OreBot#4960
2021-10-14 16:34:23 | [INFO]    | Launching shard 0 (1 out of 1)...
2021-10-14 16:34:23 | [INFO]    | Shard 0 : Connected to wss://gateway.discord.gg
2021-10-14 16:34:23 | [INFO]    | Shard 0 : Received HELLO
2021-10-14 16:34:23 | [INFO]    | Shard 0 : Received READY
2021-10-14 17:38:29 | [INFO]    | Discordia 2.9.1
2021-10-14 17:38:29 | [INFO]    | Connecting to Discord...
2021-10-14 17:38:29 | [INFO]    | Authenticated as OreBot#4960
2021-10-14 17:38:30 | [INFO]    | Launching shard 0 (1 out of 1)...
2021-10-14 17:38:30 | [INFO]    | Shard 0 : Connected to wss://gateway.discord.gg
2021-10-14 17:38:30 | [INFO]    | Shard 0 : Received HELLO
2021-10-14 17:38:30 | [INFO]    | Shard 0 : Received READY
2021-10-14 17:39:19 | [INFO]    | Discordia 2.9.1
2021-10-14 17:39:19 | [INFO]    | Connecting to Discord...
2021-10-14 17:39:19 | [INFO]    | Authenticated as OreBot#4960
2021-10-14 17:39:19 | [INFO]    | Launching shard 0 (1 out of 1)...
2021-10-14 17:39:20 | [INFO]    | Shard 0 : Connected to wss://gateway.discord.gg
2021-10-14 17:39:20 | [INFO]    | Shard 0 : Received HELLO
2021-10-14 17:39:20 | [INFO]    | Shard 0 : Received READY
2021-10-14 17:45:36 | [INFO]    | Discordia 2.9.1
2021-10-14 17:45:36 | [INFO]    | Connecting to Discord...
2021-10-14 17:45:36 | [INFO]    | Authenticated as OreBot#4960
2021-10-14 17:45:36 | [INFO]    | Launching shard 0 (1 out of 1)...
2021-10-14 17:45:36 | [INFO]    | Shard 0 : Connected to wss://gateway.discord.gg
2021-10-14 17:45:36 | [INFO]    | Shard 0 : Received HELLO
2021-10-14 17:45:36 | [INFO]    | Shard 0 : Received READY
2021-10-14 17:48:43 | [INFO]    | Discordia 2.9.1
2021-10-14 17:48:43 | [INFO]    | Connecting to Discord...
2021-10-14 17:48:43 | [INFO]    | Authenticated as OreBot#4960
2021-10-14 17:48:43 | [INFO]    | Launching shard 0 (1 out of 1)...
2021-10-14 17:48:43 | [INFO]    | Shard 0 : Connected to wss://gateway.discord.gg
2021-10-14 17:48:43 | [INFO]    | Shard 0 : Received HELLO
2021-10-14 17:48:43 | [INFO]    | Shard 0 : Received READY
2021-10-14 17:50:18 | [INFO]    | Discordia 2.9.1
2021-10-14 17:50:18 | [INFO]    | Connecting to Discord...
2021-10-14 17:50:18 | [INFO]    | Authenticated as OreBot#4960
2021-10-14 17:50:18 | [INFO]    | Launching shard 0 (1 out of 1)...
2021-10-14 17:50:18 | [INFO]    | Shard 0 : Connected to wss://gateway.discord.gg
2021-10-14 17:50:18 | [INFO]    | Shard 0 : Received HELLO
2021-10-14 17:50:18 | [INFO]    | Shard 0 : Received READY
2021-10-14 17:51:17 | [INFO]    | Discordia 2.9.1
2021-10-14 17:51:17 | [INFO]    | Connecting to Discord...
2021-10-14 17:51:17 | [INFO]    | Authenticated as OreBot#4960
2021-10-14 17:51:17 | [INFO]    | Launching shard 0 (1 out of 1)...
2021-10-14 17:51:17 | [INFO]    | Shard 0 : Connected to wss://gateway.discord.gg
2021-10-14 17:51:17 | [INFO]    | Shard 0 : Received HELLO
2021-10-14 17:51:17 | [INFO]    | Shard 0 : Received READY
2021-10-14 17:52:19 | [INFO]    | Discordia 2.9.1
2021-10-14 17:52:19 | [INFO]    | Connecting to Discord...
2021-10-14 17:52:19 | [INFO]    | Authenticated as OreBot#4960
2021-10-14 17:52:19 | [INFO]    | Launching shard 0 (1 out of 1)...
2021-10-14 17:52:19 | [INFO]    | Shard 0 : Connected to wss://gateway.discord.gg
2021-10-14 17:52:19 | [INFO]    | Shard 0 : Received HELLO
2021-10-14 17:52:20 | [INFO]    | Shard 0 : Received READY
2021-10-14 17:56:31 | [INFO]    | Discordia 2.9.1
2021-10-14 17:56:31 | [INFO]    | Connecting to Discord...
2021-10-14 17:56:31 | [INFO]    | Authenticated as OreBot#4960
2021-10-14 17:56:31 | [INFO]    | Launching shard 0 (1 out of 1)...
2021-10-14 17:56:31 | [INFO]    | Shard 0 : Connected to wss://gateway.discord.gg
2021-10-14 17:56:31 | [INFO]    | Shard 0 : Received HELLO
2021-10-14 17:56:32 | [INFO]    | Shard 0 : Received READY
2021-10-14 17:59:20 | [INFO]    | Discordia 2.9.1
2021-10-14 17:59:20 | [INFO]    | Connecting to Discord...
2021-10-14 17:59:20 | [INFO]    | Authenticated as OreBot#4960
2021-10-14 17:59:20 | [INFO]    | Launching shard 0 (1 out of 1)...
2021-10-14 17:59:20 | [INFO]    | Shard 0 : Connected to wss://gateway.discord.gg
2021-10-14 17:59:20 | [INFO]    | Shard 0 : Received HELLO
2021-10-14 17:59:20 | [INFO]    | Shard 0 : Received READY
2021-10-14 18:34:59 | [INFO]    | Discordia 2.9.1
2021-10-14 18:34:59 | [INFO]    | Connecting to Discord...
2021-10-14 18:35:00 | [INFO]    | Authenticated as OreBot#4960
2021-10-14 18:35:00 | [INFO]    | Launching shard 0 (1 out of 1)...
2021-10-14 18:35:00 | [INFO]    | Shard 0 : Connected to wss://gateway.discord.gg
2021-10-14 18:35:00 | [INFO]    | Shard 0 : Received HELLO
2021-10-14 18:35:00 | [INFO]    | Shard 0 : Received READY
2021-10-14 18:36:12 | [INFO]    | Discordia 2.9.1
2021-10-14 18:36:12 | [INFO]    | Connecting to Discord...
2021-10-14 18:36:12 | [INFO]    | Authenticated as OreBot#4960
2021-10-14 18:36:12 | [INFO]    | Launching shard 0 (1 out of 1)...
2021-10-14 18:36:12 | [INFO]    | Shard 0 : Connected to wss://gateway.discord.gg
2021-10-14 18:36:12 | [INFO]    | Shard 0 : Received HELLO
2021-10-14 18:36:12 | [INFO]    | Shard 0 : Received READY
2021-10-14 18:36:58 | [INFO]    | Discordia 2.9.1
2021-10-14 18:36:58 | [INFO]    | Connecting to Discord...
2021-10-14 18:36:58 | [INFO]    | Authenticated as OreBot#4960
2021-10-14 18:36:58 | [INFO]    | Launching shard 0 (1 out of 1)...
2021-10-14 18:36:58 | [INFO]    | Shard 0 : Connected to wss://gateway.discord.gg
2021-10-14 18:36:58 | [INFO]    | Shard 0 : Received HELLO
2021-10-14 18:36:59 | [INFO]    | Shard 0 : Received READY
2021-10-14 18:37:19 | [INFO]    | Discordia 2.9.1
2021-10-14 18:37:19 | [INFO]    | Connecting to Discord...
2021-10-14 18:37:20 | [INFO]    | Authenticated as OreBot#4960
2021-10-14 18:37:20 | [INFO]    | Launching shard 0 (1 out of 1)...
2021-10-14 18:37:20 | [INFO]    | Shard 0 : Connected to wss://gateway.discord.gg
2021-10-14 18:37:20 | [INFO]    | Shard 0 : Received HELLO
2021-10-14 18:37:20 | [INFO]    | Shard 0 : Received READY
2021-10-14 18:38:03 | [INFO]    | Discordia 2.9.1
2021-10-14 18:38:03 | [INFO]    | Connecting to Discord...
2021-10-14 18:38:03 | [INFO]    | Authenticated as OreBot#4960
2021-10-14 18:38:03 | [INFO]    | Launching shard 0 (1 out of 1)...
2021-10-14 18:38:03 | [INFO]    | Shard 0 : Connected to wss://gateway.discord.gg
2021-10-14 18:38:03 | [INFO]    | Shard 0 : Received HELLO
2021-10-14 18:38:03 | [INFO]    | Shard 0 : Received READY
2021-10-14 18:38:40 | [INFO]    | Discordia 2.9.1
2021-10-14 18:38:40 | [INFO]    | Connecting to Discord...
2021-10-14 18:38:40 | [INFO]    | Authenticated as OreBot#4960
2021-10-14 18:38:40 | [INFO]    | Launching shard 0 (1 out of 1)...
2021-10-14 18:38:40 | [INFO]    | Shard 0 : Connected to wss://gateway.discord.gg
2021-10-14 18:38:40 | [INFO]    | Shard 0 : Received HELLO
2021-10-14 18:38:40 | [INFO]    | Shard 0 : Received READY
2021-10-14 18:39:49 | [INFO]    | Discordia 2.9.1
2021-10-14 18:39:49 | [INFO]    | Connecting to Discord...
2021-10-14 18:39:49 | [INFO]    | Authenticated as OreBot#4960
2021-10-14 18:39:49 | [INFO]    | Launching shard 0 (1 out of 1)...
2021-10-14 18:39:49 | [INFO]    | Shard 0 : Connected to wss://gateway.discord.gg
2021-10-14 18:39:49 | [INFO]    | Shard 0 : Received HELLO
2021-10-14 18:39:49 | [INFO]    | Shard 0 : Received READY
2021-10-14 19:31:15 | [INFO]    | Discordia 2.9.1
2021-10-14 19:31:15 | [INFO]    | Connecting to Discord...
2021-10-14 19:31:16 | [INFO]    | Authenticated as OreBot#4960
2021-10-14 19:31:16 | [INFO]    | Launching shard 0 (1 out of 1)...
2021-10-14 19:31:16 | [INFO]    | Shard 0 : Connected to wss://gateway.discord.gg
2021-10-14 19:31:16 | [INFO]    | Shard 0 : Received HELLO
2021-10-14 19:31:16 | [INFO]    | Shard 0 : Received READY
2021-10-14 19:31:38 | [INFO]    | Discordia 2.9.1
2021-10-14 19:31:38 | [INFO]    | Connecting to Discord...
2021-10-14 19:31:38 | [INFO]    | Authenticated as OreBot#4960
2021-10-14 19:31:38 | [INFO]    | Launching shard 0 (1 out of 1)...
2021-10-14 19:31:39 | [INFO]    | Shard 0 : Connected to wss://gateway.discord.gg
2021-10-14 19:31:39 | [INFO]    | Shard 0 : Received HELLO
2021-10-14 19:31:39 | [INFO]    | Shard 0 : Received READY
2021-10-14 19:32:57 | [INFO]    | Discordia 2.9.1
2021-10-14 19:32:57 | [INFO]    | Connecting to Discord...
2021-10-14 19:32:58 | [INFO]    | Authenticated as OreBot#4960
2021-10-14 19:32:58 | [INFO]    | Launching shard 0 (1 out of 1)...
2021-10-14 19:32:58 | [INFO]    | Shard 0 : Connected to wss://gateway.discord.gg
2021-10-14 19:32:58 | [INFO]    | Shard 0 : Received HELLO
2021-10-14 19:32:58 | [INFO]    | Shard 0 : Received READY
2021-10-14 19:33:04 | [ERROR]   | 400 - Bad Request : POST https://discord.com/api/v7/channels/897634709666951202/messages
2021-10-14 19:53:08 | [INFO]    | Discordia 2.9.1
2021-10-14 19:53:08 | [INFO]    | Connecting to Discord...
2021-10-14 19:53:08 | [INFO]    | Authenticated as OreBot#4960
2021-10-14 19:53:08 | [INFO]    | Launching shard 0 (1 out of 1)...
2021-10-14 19:53:09 | [INFO]    | Shard 0 : Connected to wss://gateway.discord.gg
2021-10-14 19:53:09 | [INFO]    | Shard 0 : Received HELLO
2021-10-14 19:53:09 | [INFO]    | Shard 0 : Received READY
2021-10-14 19:54:34 | [INFO]    | Discordia 2.9.1
2021-10-14 19:54:34 | [INFO]    | Connecting to Discord...
2021-10-14 19:54:34 | [INFO]    | Authenticated as OreBot#4960
2021-10-14 19:54:34 | [INFO]    | Launching shard 0 (1 out of 1)...
2021-10-14 19:54:34 | [INFO]    | Shard 0 : Connected to wss://gateway.discord.gg
2021-10-14 19:54:34 | [INFO]    | Shard 0 : Received HELLO
2021-10-14 19:54:34 | [INFO]    | Shard 0 : Received READY
2021-10-14 19:57:12 | [INFO]    | Discordia 2.9.1
2021-10-14 19:57:12 | [INFO]    | Connecting to Discord...
2021-10-14 19:57:12 | [INFO]    | Authenticated as OreBot#4960
2021-10-14 19:57:12 | [INFO]    | Launching shard 0 (1 out of 1)...
2021-10-14 19:57:12 | [INFO]    | Shard 0 : Connected to wss://gateway.discord.gg
2021-10-14 19:57:12 | [INFO]    | Shard 0 : Received HELLO
2021-10-14 19:57:12 | [INFO]    | Shard 0 : Received READY
2021-10-14 19:57:53 | [INFO]    | Discordia 2.9.1
2021-10-14 19:57:53 | [INFO]    | Connecting to Discord...
2021-10-14 19:57:53 | [INFO]    | Authenticated as OreBot#4960
2021-10-14 19:57:53 | [INFO]    | Launching shard 0 (1 out of 1)...
2021-10-14 19:57:53 | [INFO]    | Shard 0 : Connected to wss://gateway.discord.gg
2021-10-14 19:57:53 | [INFO]    | Shard 0 : Received HELLO
2021-10-14 19:57:53 | [INFO]    | Shard 0 : Received READY
2021-10-14 20:00:31 | [INFO]    | Discordia 2.9.1
2021-10-14 20:00:31 | [INFO]    | Connecting to Discord...
2021-10-14 20:00:31 | [INFO]    | Authenticated as OreBot#4960
2021-10-14 20:00:31 | [INFO]    | Launching shard 0 (1 out of 1)...
2021-10-14 20:00:32 | [INFO]    | Shard 0 : Connected to wss://gateway.discord.gg
2021-10-14 20:00:32 | [INFO]    | Shard 0 : Received HELLO
2021-10-14 20:00:32 | [INFO]    | Shard 0 : Received READY
2021-10-14 20:01:12 | [INFO]    | Discordia 2.9.1
2021-10-14 20:01:12 | [INFO]    | Connecting to Discord...
2021-10-14 20:01:12 | [INFO]    | Authenticated as OreBot#4960
2021-10-14 20:01:12 | [INFO]    | Launching shard 0 (1 out of 1)...
2021-10-14 20:01:12 | [INFO]    | Shard 0 : Connected to wss://gateway.discord.gg
2021-10-14 20:01:12 | [INFO]    | Shard 0 : Received HELLO
2021-10-14 20:01:12 | [INFO]    | Shard 0 : Received READY
2021-10-14 20:03:56 | [INFO]    | Discordia 2.9.1
2021-10-14 20:03:56 | [INFO]    | Connecting to Discord...
2021-10-14 20:03:56 | [INFO]    | Authenticated as OreBot#4960
2021-10-14 20:03:56 | [INFO]    | Launching shard 0 (1 out of 1)...
2021-10-14 20:03:56 | [INFO]    | Shard 0 : Connected to wss://gateway.discord.gg
2021-10-14 20:03:56 | [INFO]    | Shard 0 : Received HELLO
2021-10-14 20:03:56 | [INFO]    | Shard 0 : Received READY
2021-10-14 20:04:15 | [INFO]    | Discordia 2.9.1
2021-10-14 20:04:15 | [INFO]    | Connecting to Discord...
2021-10-14 20:04:15 | [INFO]    | Authenticated as OreBot#4960
2021-10-14 20:04:15 | [INFO]    | Launching shard 0 (1 out of 1)...
2021-10-14 20:04:15 | [INFO]    | Shard 0 : Connected to wss://gateway.discord.gg
2021-10-14 20:04:15 | [INFO]    | Shard 0 : Received HELLO
2021-10-14 20:04:15 | [INFO]    | Shard 0 : Received READY
2021-10-14 20:04:31 | [INFO]    | Discordia 2.9.1
2021-10-14 20:04:31 | [INFO]    | Connecting to Discord...
2021-10-14 20:04:31 | [INFO]    | Authenticated as OreBot#4960
2021-10-14 20:04:31 | [INFO]    | Launching shard 0 (1 out of 1)...
2021-10-14 20:04:31 | [INFO]    | Shard 0 : Connected to wss://gateway.discord.gg
2021-10-14 20:04:31 | [INFO]    | Shard 0 : Received HELLO
2021-10-14 20:04:31 | [INFO]    | Shard 0 : Received READY
2021-10-14 20:04:35 | [ERROR]   | 400 - Bad Request : POST https://discord.com/api/v7/channels/897634709666951202/messages
2021-10-14 20:05:15 | [INFO]    | Discordia 2.9.1
2021-10-14 20:05:15 | [INFO]    | Connecting to Discord...
2021-10-14 20:05:15 | [INFO]    | Authenticated as OreBot#4960
2021-10-14 20:05:15 | [INFO]    | Launching shard 0 (1 out of 1)...
2021-10-14 20:05:15 | [INFO]    | Shard 0 : Connected to wss://gateway.discord.gg
2021-10-14 20:05:15 | [INFO]    | Shard 0 : Received HELLO
2021-10-14 20:05:15 | [INFO]    | Shard 0 : Received READY
2021-10-14 20:05:21 | [ERROR]   | 400 - Bad Request : POST https://discord.com/api/v7/channels/897634709666951202/messages
2021-10-14 20:05:59 | [INFO]    | Discordia 2.9.1
2021-10-14 20:05:59 | [INFO]    | Connecting to Discord...
2021-10-14 20:05:59 | [INFO]    | Authenticated as OreBot#4960
2021-10-14 20:05:59 | [INFO]    | Launching shard 0 (1 out of 1)...
2021-10-14 20:05:59 | [INFO]    | Shard 0 : Connected to wss://gateway.discord.gg
2021-10-14 20:05:59 | [INFO]    | Shard 0 : Received HELLO
2021-10-14 20:05:59 | [INFO]    | Shard 0 : Received READY
2021-10-14 20:06:48 | [INFO]    | Discordia 2.9.1
2021-10-14 20:06:48 | [INFO]    | Connecting to Discord...
2021-10-14 20:06:48 | [INFO]    | Authenticated as OreBot#4960
2021-10-14 20:06:48 | [INFO]    | Launching shard 0 (1 out of 1)...
2021-10-14 20:06:48 | [INFO]    | Shard 0 : Connected to wss://gateway.discord.gg
2021-10-14 20:06:48 | [INFO]    | Shard 0 : Received HELLO
2021-10-14 20:06:48 | [INFO]    | Shard 0 : Received READY
2021-10-15 05:40:40 | [INFO]    | Discordia 2.9.1
2021-10-15 05:40:40 | [INFO]    | Connecting to Discord...
2021-10-15 05:40:40 | [INFO]    | Authenticated as OreBot#4960
2021-10-15 05:40:40 | [INFO]    | Launching shard 0 (1 out of 1)...
2021-10-15 05:40:40 | [INFO]    | Shard 0 : Connected to wss://gateway.discord.gg
2021-10-15 05:40:40 | [INFO]    | Shard 0 : Received HELLO
2021-10-15 05:40:41 | [INFO]    | Shard 0 : Received READY
2021-10-15 05:41:14 | [INFO]    | Discordia 2.9.1
2021-10-15 05:41:14 | [INFO]    | Connecting to Discord...
2021-10-15 05:41:14 | [INFO]    | Authenticated as OreBot#4960
2021-10-15 05:41:14 | [INFO]    | Launching shard 0 (1 out of 1)...
2021-10-15 05:41:15 | [INFO]    | Shard 0 : Connected to wss://gateway.discord.gg
2021-10-15 05:41:15 | [INFO]    | Shard 0 : Received HELLO
2021-10-15 05:41:15 | [INFO]    | Shard 0 : Received READY
2021-10-15 05:41:50 | [INFO]    | Discordia 2.9.1
2021-10-15 05:41:50 | [INFO]    | Connecting to Discord...
2021-10-15 05:41:51 | [INFO]    | Authenticated as OreBot#4960
2021-10-15 05:41:51 | [INFO]    | Launching shard 0 (1 out of 1)...
2021-10-15 05:41:51 | [INFO]    | Shard 0 : Connected to wss://gateway.discord.gg
2021-10-15 05:41:51 | [INFO]    | Shard 0 : Received HELLO
2021-10-15 05:41:51 | [INFO]    | Shard 0 : Received READY
2021-10-15 05:52:17 | [INFO]    | Discordia 2.9.1
2021-10-15 05:52:17 | [INFO]    | Connecting to Discord...
2021-10-15 05:52:17 | [INFO]    | Authenticated as OreBot#4960
2021-10-15 05:52:17 | [INFO]    | Launching shard 0 (1 out of 1)...
2021-10-15 05:52:17 | [INFO]    | Shard 0 : Connected to wss://gateway.discord.gg
2021-10-15 05:52:17 | [INFO]    | Shard 0 : Received HELLO
2021-10-15 05:52:17 | [INFO]    | Shard 0 : Received READY
2021-10-15 05:52:50 | [INFO]    | Discordia 2.9.1
2021-10-15 05:52:50 | [INFO]    | Connecting to Discord...
2021-10-15 05:52:50 | [INFO]    | Authenticated as OreBot#4960
2021-10-15 05:52:50 | [INFO]    | Launching shard 0 (1 out of 1)...
2021-10-15 05:52:50 | [INFO]    | Shard 0 : Connected to wss://gateway.discord.gg
2021-10-15 05:52:50 | [INFO]    | Shard 0 : Received HELLO
2021-10-15 05:52:50 | [INFO]    | Shard 0 : Received READY
2021-10-15 05:53:56 | [INFO]    | Discordia 2.9.1
2021-10-15 05:53:56 | [INFO]    | Connecting to Discord...
2021-10-15 05:53:56 | [INFO]    | Authenticated as OreBot#4960
2021-10-15 05:53:56 | [INFO]    | Launching shard 0 (1 out of 1)...
2021-10-15 05:53:56 | [INFO]    | Shard 0 : Connected to wss://gateway.discord.gg
2021-10-15 05:53:56 | [INFO]    | Shard 0 : Received HELLO
2021-10-15 05:53:56 | [INFO]    | Shard 0 : Received READY
2021-10-15 05:55:19 | [INFO]    | Discordia 2.9.1
2021-10-15 05:55:19 | [INFO]    | Connecting to Discord...
2021-10-15 05:55:20 | [INFO]    | Authenticated as OreBot#4960
2021-10-15 05:55:20 | [INFO]    | Launching shard 0 (1 out of 1)...
2021-10-15 05:55:20 | [INFO]    | Shard 0 : Connected to wss://gateway.discord.gg
2021-10-15 05:55:20 | [INFO]    | Shard 0 : Received HELLO
2021-10-15 05:55:20 | [INFO]    | Shard 0 : Received READY
2021-10-15 05:58:50 | [INFO]    | Discordia 2.9.1
2021-10-15 05:58:50 | [INFO]    | Connecting to Discord...
2021-10-15 05:58:50 | [INFO]    | Authenticated as OreBot#4960
2021-10-15 05:58:50 | [INFO]    | Launching shard 0 (1 out of 1)...
2021-10-15 05:58:50 | [INFO]    | Shard 0 : Connected to wss://gateway.discord.gg
2021-10-15 05:58:50 | [INFO]    | Shard 0 : Received HELLO
2021-10-15 05:58:50 | [INFO]    | Shard 0 : Received READY
2021-10-15 05:59:21 | [INFO]    | Discordia 2.9.1
2021-10-15 05:59:21 | [INFO]    | Connecting to Discord...
2021-10-15 05:59:22 | [INFO]    | Authenticated as OreBot#4960
2021-10-15 05:59:22 | [INFO]    | Launching shard 0 (1 out of 1)...
2021-10-15 05:59:22 | [INFO]    | Shard 0 : Connected to wss://gateway.discord.gg
2021-10-15 05:59:22 | [INFO]    | Shard 0 : Received HELLO
2021-10-15 05:59:22 | [INFO]    | Shard 0 : Received READY
2021-10-15 05:59:38 | [INFO]    | Discordia 2.9.1
2021-10-15 05:59:38 | [INFO]    | Connecting to Discord...
2021-10-15 05:59:38 | [INFO]    | Authenticated as OreBot#4960
2021-10-15 05:59:38 | [INFO]    | Launching shard 0 (1 out of 1)...
2021-10-15 05:59:38 | [INFO]    | Shard 0 : Connected to wss://gateway.discord.gg
2021-10-15 05:59:38 | [INFO]    | Shard 0 : Received HELLO
2021-10-15 05:59:39 | [INFO]    | Shard 0 : Received READY
2021-10-15 06:05:13 | [INFO]    | Discordia 2.9.1
2021-10-15 06:05:13 | [INFO]    | Connecting to Discord...
2021-10-15 06:05:13 | [INFO]    | Authenticated as OreBot#4960
2021-10-15 06:05:13 | [INFO]    | Launching shard 0 (1 out of 1)...
2021-10-15 06:05:13 | [INFO]    | Shard 0 : Connected to wss://gateway.discord.gg
2021-10-15 06:05:13 | [INFO]    | Shard 0 : Received HELLO
2021-10-15 06:05:13 | [INFO]    | Shard 0 : Received READY
2021-10-15 06:10:33 | [INFO]    | Discordia 2.9.1
2021-10-15 06:10:33 | [INFO]    | Connecting to Discord...
2021-10-15 06:10:33 | [INFO]    | Authenticated as OreBot#4960
2021-10-15 06:10:33 | [INFO]    | Launching shard 0 (1 out of 1)...
2021-10-15 06:10:33 | [INFO]    | Shard 0 : Connected to wss://gateway.discord.gg
2021-10-15 06:10:33 | [INFO]    | Shard 0 : Received HELLO
2021-10-15 06:10:34 | [INFO]    | Shard 0 : Received READY
2021-10-15 06:11:03 | [INFO]    | Discordia 2.9.1
2021-10-15 06:11:03 | [INFO]    | Connecting to Discord...
2021-10-15 06:11:03 | [INFO]    | Authenticated as OreBot#4960
2021-10-15 06:11:03 | [INFO]    | Launching shard 0 (1 out of 1)...
2021-10-15 06:11:03 | [INFO]    | Shard 0 : Connected to wss://gateway.discord.gg
2021-10-15 06:11:03 | [INFO]    | Shard 0 : Received HELLO
2021-10-15 06:11:04 | [INFO]    | Shard 0 : Received READY
2021-10-15 06:18:51 | [INFO]    | Discordia 2.9.1
2021-10-15 06:18:51 | [INFO]    | Connecting to Discord...
2021-10-15 06:18:51 | [INFO]    | Authenticated as OreBot#4960
2021-10-15 06:18:51 | [INFO]    | Launching shard 0 (1 out of 1)...
2021-10-15 06:18:52 | [INFO]    | Shard 0 : Connected to wss://gateway.discord.gg
2021-10-15 06:18:52 | [INFO]    | Shard 0 : Received HELLO
2021-10-15 06:18:52 | [INFO]    | Shard 0 : Received READY
2021-10-15 06:19:09 | [INFO]    | Discordia 2.9.1
2021-10-15 06:19:09 | [INFO]    | Connecting to Discord...
2021-10-15 06:19:10 | [INFO]    | Authenticated as OreBot#4960
2021-10-15 06:19:10 | [INFO]    | Launching shard 0 (1 out of 1)...
2021-10-15 06:19:10 | [INFO]    | Shard 0 : Connected to wss://gateway.discord.gg
2021-10-15 06:19:10 | [INFO]    | Shard 0 : Received HELLO
2021-10-15 06:19:10 | [INFO]    | Shard 0 : Received READY
2021-10-15 06:20:50 | [INFO]    | Discordia 2.9.1
2021-10-15 06:20:50 | [INFO]    | Connecting to Discord...
2021-10-15 06:20:51 | [INFO]    | Authenticated as OreBot#4960
2021-10-15 06:20:51 | [INFO]    | Launching shard 0 (1 out of 1)...
2021-10-15 06:20:51 | [INFO]    | Shard 0 : Connected to wss://gateway.discord.gg
2021-10-15 06:20:51 | [INFO]    | Shard 0 : Received HELLO
2021-10-15 06:20:51 | [INFO]    | Shard 0 : Received READY
2021-10-15 06:28:29 | [INFO]    | Discordia 2.9.1
2021-10-15 06:28:29 | [INFO]    | Connecting to Discord...
2021-10-15 06:28:29 | [INFO]    | Authenticated as OreBot#4960
2021-10-15 06:28:29 | [INFO]    | Launching shard 0 (1 out of 1)...
2021-10-15 06:28:29 | [INFO]    | Shard 0 : Connected to wss://gateway.discord.gg
2021-10-15 06:28:29 | [INFO]    | Shard 0 : Received HELLO
2021-10-15 06:28:29 | [INFO]    | Shard 0 : Received READY
2021-10-15 06:31:02 | [INFO]    | Discordia 2.9.1
2021-10-15 06:31:02 | [INFO]    | Connecting to Discord...
2021-10-15 06:31:02 | [INFO]    | Authenticated as OreBot#4960
2021-10-15 06:31:02 | [INFO]    | Launching shard 0 (1 out of 1)...
2021-10-15 06:31:03 | [INFO]    | Shard 0 : Connected to wss://gateway.discord.gg
2021-10-15 06:31:03 | [INFO]    | Shard 0 : Received HELLO
2021-10-15 06:31:03 | [INFO]    | Shard 0 : Received READY
2021-10-15 06:36:51 | [INFO]    | Shard 0 : Disconnected
2021-10-15 06:36:51 | [INFO]    | Shard 0 : Reconnecting after 1044 ms...
2021-10-15 06:36:52 | [INFO]    | Shard 0 : Connected to wss://gateway.discord.gg
2021-10-15 06:36:52 | [INFO]    | Shard 0 : Received HELLO
2021-10-15 06:36:52 | [INFO]    | Shard 0 : Received RESUMED
